2017-01-17 16:44:14.023 [AWT-EventQueue-0] DEBUG bgpay.Driver - Loading properties file
2017-01-17 16:44:14.024 [AWT-EventQueue-0] DEBUG bgpay.Driver - Initializing database
2017-01-17 16:44:48.651 [AWT-EventQueue-0] DEBUG bgpay.dao.Dao - INSERT INTO vouchers values (?, ?, ?, ?, ?, ?, ?, ?)
2017-01-17 16:44:48.651 [AWT-EventQueue-0] DEBUG bgpay.dao.Dao - [flash, ccpd, 23.75, 2017-01-17, 2017-01-17, 05:00:00, 16:00:00, true]
2017-01-17 16:44:48.652 [AWT-EventQueue-0] DEBUG bgpay.dao.Dao - parameter count = 8
2017-01-17 16:51:24.397 [AWT-EventQueue-0] DEBUG bgpay.Driver - Loading properties file
2017-01-17 16:54:43.222 [AWT-EventQueue-0] DEBUG bgpay.Driver - Initializing database
2017-01-17 16:54:56.400 [AWT-EventQueue-0] DEBUG bgpay.Driver - Loading properties file
2017-01-17 16:54:56.402 [AWT-EventQueue-0] DEBUG bgpay.Driver - Initializing database
2017-01-17 16:55:24.676 [AWT-EventQueue-0] DEBUG bgpay.dao.Dao - INSERT INTO vouchers values (?, ?, ?, ?, ?, ?, ?, ?)
2017-01-17 16:55:24.676 [AWT-EventQueue-0] DEBUG bgpay.dao.Dao - [blah, asmdfkl, 23.75, 2017-01-18, 2017-01-18, 04:00:00, 14:00:00, true]
2017-01-17 16:55:24.676 [AWT-EventQueue-0] DEBUG bgpay.dao.Dao - parameter count = 8
2017-01-17 16:57:10.261 [AWT-EventQueue-0] DEBUG bgpay.Driver - Loading properties file
2017-01-17 16:57:10.263 [AWT-EventQueue-0] DEBUG bgpay.Driver - Initializing database
2017-01-17 16:57:44.400 [AWT-EventQueue-0] DEBUG bgpay.dao.Dao - INSERT INTO vouchers values (?, ?, ?, ?, ?, ?, ?, ?)
2017-01-17 16:57:44.400 [AWT-EventQueue-0] DEBUG bgpay.dao.Dao - [Flash, CCPD, 23.75, 2017-01-17, 2017-01-17, 13:00:00, 21:00:00, true]
2017-01-17 16:57:44.400 [AWT-EventQueue-0] DEBUG bgpay.dao.Dao - parameter count = 8
2017-01-17 16:57:44.688 [AWT-EventQueue-0] DEBUG bgpay.dao.Dao - Setting param 1: Flash of type java.lang.String
2017-01-17 16:57:44.688 [AWT-EventQueue-0] DEBUG bgpay.dao.Dao - Setting param 2: CCPD of type java.lang.String
2017-01-17 16:57:44.688 [AWT-EventQueue-0] DEBUG bgpay.dao.Dao - Setting param 3: 23.75 of type java.lang.Double
2017-01-17 16:57:44.688 [AWT-EventQueue-0] DEBUG bgpay.dao.Dao - Setting param 4: 2017-01-17 of type java.time.LocalDate
2017-01-17 16:57:44.689 [AWT-EventQueue-0] DEBUG bgpay.dao.Dao - Setting param 5: 2017-01-17 of type java.time.LocalDate
2017-01-17 16:57:44.689 [AWT-EventQueue-0] DEBUG bgpay.dao.Dao - Setting param 6: 13:00:00 of type java.sql.Time
2017-01-17 16:57:44.690 [AWT-EventQueue-0] DEBUG bgpay.dao.Dao - Setting param 7: 21:00:00 of type java.sql.Time
2017-01-17 16:57:44.690 [AWT-EventQueue-0] DEBUG bgpay.dao.Dao - Setting param 8: true of type java.lang.Boolean
2017-01-17 17:01:47.221 [AWT-EventQueue-0] DEBUG bgpay.dao.Dao - INSERT INTO vouchers values (?, ?, ?, ?, ?, ?, ?, ?)
2017-01-17 17:01:47.221 [AWT-EventQueue-0] DEBUG bgpay.dao.Dao - [Flash, CCF, 23.75, 2017-01-17, 2017-01-17, 21:00:00, 12:00:00, true]
2017-01-17 17:01:47.221 [AWT-EventQueue-0] DEBUG bgpay.dao.Dao - parameter count = 8
2017-01-17 17:01:47.222 [AWT-EventQueue-0] DEBUG bgpay.dao.Dao - Setting param 1: Flash of type java.lang.String
2017-01-17 17:01:47.222 [AWT-EventQueue-0] DEBUG bgpay.dao.Dao - Setting param 2: CCF of type java.lang.String
2017-01-17 17:01:47.222 [AWT-EventQueue-0] DEBUG bgpay.dao.Dao - Setting param 3: 23.75 of type java.lang.Double
2017-01-17 17:01:47.222 [AWT-EventQueue-0] DEBUG bgpay.dao.Dao - Setting param 4: 2017-01-17 of type java.time.LocalDate
2017-01-17 17:01:47.222 [AWT-EventQueue-0] DEBUG bgpay.dao.Dao - Setting param 5: 2017-01-17 of type java.time.LocalDate
2017-01-17 17:01:47.222 [AWT-EventQueue-0] DEBUG bgpay.dao.Dao - Setting param 6: 21:00:00 of type java.sql.Time
2017-01-17 17:01:47.222 [AWT-EventQueue-0] DEBUG bgpay.dao.Dao - Setting param 7: 12:00:00 of type java.sql.Time
2017-01-17 17:01:47.223 [AWT-EventQueue-0] DEBUG bgpay.dao.Dao - Setting param 8: true of type java.lang.Boolean
2017-01-17 17:02:54.023 [AWT-EventQueue-0] DEBUG bgpay.Driver - Loading properties file
2017-01-17 17:02:54.025 [AWT-EventQueue-0] DEBUG bgpay.Driver - Initializing database
2017-01-17 17:03:20.455 [AWT-EventQueue-0] DEBUG bgpay.dao.Dao - INSERT INTO vouchers values (?, ?, ?, ?, ?, ?, ?, ?)
2017-01-17 17:03:20.455 [AWT-EventQueue-0] DEBUG bgpay.dao.Dao - [the flash, ccf, 23.75, 2017-01-20, 2017-01-20, 11:00:00, 23:34:00, true]
2017-01-17 17:03:20.455 [AWT-EventQueue-0] DEBUG bgpay.dao.Dao - parameter count = 8
2017-01-17 17:03:20.754 [AWT-EventQueue-0] DEBUG bgpay.dao.Dao - Setting param 1: the flash of type java.lang.String
2017-01-17 17:03:20.754 [AWT-EventQueue-0] DEBUG bgpay.dao.Dao - Setting param 2: ccf of type java.lang.String
2017-01-17 17:03:20.754 [AWT-EventQueue-0] DEBUG bgpay.dao.Dao - Setting param 3: 23.75 of type java.lang.Double
2017-01-17 17:03:20.755 [AWT-EventQueue-0] DEBUG bgpay.dao.Dao - Setting param 4: 2017-01-20 of type java.time.LocalDate
2017-01-17 17:03:20.756 [AWT-EventQueue-0] DEBUG bgpay.dao.Dao - Setting param 5: 2017-01-20 of type java.time.LocalDate
2017-01-17 17:03:20.756 [AWT-EventQueue-0] DEBUG bgpay.dao.Dao - Setting param 6: 11:00:00 of type java.sql.Time
2017-01-17 17:03:20.756 [AWT-EventQueue-0] DEBUG bgpay.dao.Dao - Setting param 7: 23:34:00 of type java.sql.Time
2017-01-17 17:03:20.756 [AWT-EventQueue-0] DEBUG bgpay.dao.Dao - Setting param 8: true of type java.lang.Boolean
2017-01-20 14:48:55.600 [AWT-EventQueue-0] DEBUG bgpay.Driver - Loading properties file
2017-01-20 14:48:55.603 [AWT-EventQueue-0] DEBUG bgpay.Driver - Initializing database
2017-01-20 14:51:21.651 [AWT-EventQueue-0] DEBUG bgpay.Driver - Loading properties file
2017-01-20 14:51:21.653 [AWT-EventQueue-0] DEBUG bgpay.Driver - Initializing database
2017-01-20 14:53:08.264 [AWT-EventQueue-0] DEBUG bgpay.Driver - Loading properties file
2017-01-20 14:53:08.266 [AWT-EventQueue-0] DEBUG bgpay.Driver - Initializing database
2017-01-20 14:55:22.254 [AWT-EventQueue-0] DEBUG bgpay.Driver - Loading properties file
2017-01-20 14:55:22.256 [AWT-EventQueue-0] DEBUG bgpay.Driver - Initializing database
2017-01-20 15:02:34.388 [AWT-EventQueue-0] DEBUG bgpay.Driver - Loading properties file
2017-01-20 15:02:34.389 [AWT-EventQueue-0] DEBUG bgpay.Driver - Initializing database
2017-01-20 15:03:16.328 [AWT-EventQueue-0] DEBUG bgpay.Driver - Loading properties file
2017-01-20 15:03:16.331 [AWT-EventQueue-0] DEBUG bgpay.Driver - Initializing database
2017-01-20 15:05:58.560 [AWT-EventQueue-0] DEBUG bgpay.Driver - Loading properties file
2017-01-20 15:05:58.562 [AWT-EventQueue-0] DEBUG bgpay.Driver - Initializing database
2017-01-20 15:06:59.757 [AWT-EventQueue-0] DEBUG bgpay.Driver - Loading properties file
2017-01-20 15:06:59.759 [AWT-EventQueue-0] DEBUG bgpay.Driver - Initializing database
2017-01-20 15:08:08.972 [AWT-EventQueue-0] DEBUG bgpay.Driver - Loading properties file
2017-01-20 15:08:08.974 [AWT-EventQueue-0] DEBUG bgpay.Driver - Initializing database
2017-01-20 15:19:59.532 [AWT-EventQueue-0] DEBUG bgpay.Driver - Loading properties file
2017-01-20 15:19:59.534 [AWT-EventQueue-0] DEBUG bgpay.Driver - Initializing database
2017-01-20 15:21:58.758 [AWT-EventQueue-0] DEBUG bgpay.Driver - Loading properties file
2017-01-20 15:21:58.760 [AWT-EventQueue-0] DEBUG bgpay.Driver - Initializing database
2017-01-20 15:22:21.121 [AWT-EventQueue-0] DEBUG bgpay.dao.Dao - INSERT INTO vouchers values (?, ?, ?, ?, ?, ?, ?, ?)
2017-01-20 15:22:21.122 [AWT-EventQueue-0] DEBUG bgpay.dao.Dao - [Arrow, Oqf, 23.75, 2017-01-26, 2017-01-26, 16:00:00, 23:00:00, true]
2017-01-20 15:22:21.122 [AWT-EventQueue-0] DEBUG bgpay.dao.Dao - parameter count = 8
2017-01-20 15:22:21.132 [AWT-EventQueue-0] DEBUG bgpay.dao.Dao - Setting param 1: Arrow of type java.lang.String
2017-01-20 15:22:21.133 [AWT-EventQueue-0] DEBUG bgpay.dao.Dao - Setting param 2: Oqf of type java.lang.String
2017-01-20 15:22:21.133 [AWT-EventQueue-0] DEBUG bgpay.dao.Dao - Setting param 3: 23.75 of type java.lang.Double
2017-01-20 15:22:21.133 [AWT-EventQueue-0] DEBUG bgpay.dao.Dao - Setting param 4: 2017-01-26 of type java.time.LocalDate
2017-01-20 15:22:21.135 [AWT-EventQueue-0] DEBUG bgpay.dao.Dao - Setting param 5: 2017-01-26 of type java.time.LocalDate
2017-01-20 15:22:21.135 [AWT-EventQueue-0] DEBUG bgpay.dao.Dao - Setting param 6: 16:00:00 of type java.sql.Time
2017-01-20 15:22:21.135 [AWT-EventQueue-0] DEBUG bgpay.dao.Dao - Setting param 7: 23:00:00 of type java.sql.Time
2017-01-20 15:22:21.135 [AWT-EventQueue-0] DEBUG bgpay.dao.Dao - Setting param 8: true of type java.lang.Boolean
2017-01-20 15:23:44.079 [AWT-EventQueue-0] DEBUG bgpay.Driver - Loading properties file
2017-01-20 15:23:44.080 [AWT-EventQueue-0] DEBUG bgpay.Driver - Initializing database
2017-01-20 15:23:44.447 [AWT-EventQueue-0] DEBUG bgpay.voucher.VoucherDao - Getting date: 2017-01-20
2017-01-20 15:23:44.448 [AWT-EventQueue-0] DEBUG bgpay.voucher.VoucherDao - Getting date: 2017-01-26
2017-01-23 12:31:36.451 [AWT-EventQueue-0] DEBUG bgpay.Driver - Loading properties file
2017-01-23 12:31:36.453 [AWT-EventQueue-0] DEBUG bgpay.Driver - Initializing database
2017-01-23 12:31:36.999 [AWT-EventQueue-0] DEBUG bgpay.voucher.VoucherDao - Getting date: 2017-01-20
2017-01-23 12:31:36.999 [AWT-EventQueue-0] DEBUG bgpay.voucher.VoucherDao - Getting date: 2017-01-26
2017-01-23 12:33:39.385 [AWT-EventQueue-0] DEBUG bgpay.Driver - Loading properties file
2017-01-23 12:33:39.387 [AWT-EventQueue-0] DEBUG bgpay.Driver - Initializing database
2017-01-23 12:33:39.758 [AWT-EventQueue-0] DEBUG bgpay.voucher.VoucherDao - Getting date: 2017-01-20
2017-01-23 12:33:39.758 [AWT-EventQueue-0] DEBUG bgpay.voucher.VoucherDao - Getting date: 2017-01-26
2017-01-23 12:35:17.030 [AWT-EventQueue-0] DEBUG bgpay.Driver - Loading properties file
2017-01-23 12:35:17.033 [AWT-EventQueue-0] DEBUG bgpay.Driver - Initializing database
2017-01-23 12:35:17.422 [AWT-EventQueue-0] DEBUG bgpay.voucher.VoucherDao - Getting date: 2017-01-20
2017-01-23 12:35:17.423 [AWT-EventQueue-0] DEBUG bgpay.voucher.VoucherDao - Getting date: 2017-01-26
2017-01-23 12:36:36.661 [AWT-EventQueue-0] DEBUG bgpay.Driver - Loading properties file
2017-01-23 12:36:36.664 [AWT-EventQueue-0] DEBUG bgpay.Driver - Initializing database
2017-01-23 12:36:37.091 [AWT-EventQueue-0] DEBUG bgpay.voucher.VoucherDao - Getting date: 2017-01-20
2017-01-23 12:36:37.091 [AWT-EventQueue-0] DEBUG bgpay.voucher.VoucherDao - Getting date: 2017-01-26
2017-01-23 12:41:58.083 [AWT-EventQueue-0] DEBUG bgpay.Driver - Loading properties file
2017-01-23 12:41:58.085 [AWT-EventQueue-0] DEBUG bgpay.Driver - Initializing database
2017-01-23 12:41:58.445 [AWT-EventQueue-0] DEBUG bgpay.voucher.VoucherDao - Getting date: 2017-01-20
2017-01-23 12:41:58.446 [AWT-EventQueue-0] DEBUG bgpay.voucher.VoucherDao - Getting date: 2017-01-26
2017-01-23 12:45:12.851 [AWT-EventQueue-0] DEBUG bgpay.Driver - Loading properties file
2017-01-23 12:45:12.855 [AWT-EventQueue-0] DEBUG bgpay.Driver - Initializing database
2017-01-23 12:45:13.225 [AWT-EventQueue-0] DEBUG bgpay.voucher.VoucherDao - Getting date: 2017-01-20
2017-01-23 12:45:13.225 [AWT-EventQueue-0] DEBUG bgpay.voucher.VoucherDao - Getting date: 2017-01-26
2017-01-23 12:51:38.649 [AWT-EventQueue-0] DEBUG bgpay.Driver - Loading properties file
2017-01-23 12:51:38.650 [AWT-EventQueue-0] DEBUG bgpay.Driver - Initializing database
2017-01-23 12:51:39.019 [AWT-EventQueue-0] DEBUG bgpay.voucher.VoucherDao - Getting date: 2017-01-20
2017-01-23 12:51:39.019 [AWT-EventQueue-0] DEBUG bgpay.voucher.VoucherDao - Getting date: 2017-01-26
2017-01-23 12:54:16.046 [AWT-EventQueue-0] DEBUG bgpay.Driver - Loading properties file
2017-01-23 12:54:16.048 [AWT-EventQueue-0] DEBUG bgpay.Driver - Initializing database
2017-01-23 12:54:16.401 [AWT-EventQueue-0] DEBUG bgpay.voucher.VoucherDao - Getting date: 2017-01-20
2017-01-23 12:54:16.401 [AWT-EventQueue-0] DEBUG bgpay.voucher.VoucherDao - Getting date: 2017-01-26
2017-01-23 12:54:45.405 [AWT-EventQueue-0] DEBUG bgpay.dao.Dao - INSERT INTO vouchers values (?, ?, ?, ?, ?, ?, ?, ?)
2017-01-23 12:54:45.405 [AWT-EventQueue-0] DEBUG bgpay.dao.Dao - [asdlkflkjad, aklsdjflkjsadf, 23.75, 2017-02-02, 2017-02-02, 04:00:00, 12:00:00, true]
2017-01-23 12:54:45.406 [AWT-EventQueue-0] DEBUG bgpay.dao.Dao - parameter count = 8
2017-01-23 12:54:45.417 [AWT-EventQueue-0] DEBUG bgpay.dao.Dao - Setting param 1: asdlkflkjad of type java.lang.String
2017-01-23 12:54:45.417 [AWT-EventQueue-0] DEBUG bgpay.dao.Dao - Setting param 2: aklsdjflkjsadf of type java.lang.String
2017-01-23 12:54:45.417 [AWT-EventQueue-0] DEBUG bgpay.dao.Dao - Setting param 3: 23.75 of type java.lang.Double
2017-01-23 12:54:45.417 [AWT-EventQueue-0] DEBUG bgpay.dao.Dao - Setting param 4: 2017-02-02 of type java.time.LocalDate
2017-01-23 12:54:45.419 [AWT-EventQueue-0] DEBUG bgpay.dao.Dao - Setting param 5: 2017-02-02 of type java.time.LocalDate
2017-01-23 12:54:45.419 [AWT-EventQueue-0] DEBUG bgpay.dao.Dao - Setting param 6: 04:00:00 of type java.sql.Time
2017-01-23 12:54:45.419 [AWT-EventQueue-0] DEBUG bgpay.dao.Dao - Setting param 7: 12:00:00 of type java.sql.Time
2017-01-23 12:54:45.419 [AWT-EventQueue-0] DEBUG bgpay.dao.Dao - Setting param 8: true of type java.lang.Boolean
2017-01-23 13:24:22.123 [AWT-EventQueue-0] DEBUG bgpay.Driver - Loading properties file
2017-01-23 13:24:22.125 [AWT-EventQueue-0] DEBUG bgpay.Driver - Initializing database
2017-01-23 13:28:38.209 [AWT-EventQueue-0] DEBUG bgpay.Driver - Loading properties file
2017-01-23 13:28:38.211 [AWT-EventQueue-0] DEBUG bgpay.Driver - Initializing database
2017-01-23 13:37:16.330 [AWT-EventQueue-0] DEBUG bgpay.Driver - Loading properties file
2017-01-23 13:37:16.333 [AWT-EventQueue-0] DEBUG bgpay.Driver - Initializing database
2017-01-23 15:25:02.770 [AWT-EventQueue-0] DEBUG bgpay.Driver - Loading properties file
2017-01-23 15:25:02.772 [AWT-EventQueue-0] DEBUG bgpay.Driver - Initializing database
2017-01-23 15:28:15.914 [AWT-EventQueue-0] DEBUG bgpay.Driver - Loading properties file
2017-01-23 15:28:15.916 [AWT-EventQueue-0] DEBUG bgpay.Driver - Initializing database
2017-01-23 15:28:58.793 [AWT-EventQueue-0] DEBUG bgpay.dao.Dao - INSERT INTO vouchers values (?, ?, ?, ?, ?, ?, ?, ?)
2017-01-23 15:28:58.793 [AWT-EventQueue-0] DEBUG bgpay.dao.Dao - [ggtd, girl, 23.75, 2017-01-28, 2017-01-28, 06:00:00, 13:30:00, true]
2017-01-23 15:28:58.793 [AWT-EventQueue-0] DEBUG bgpay.dao.Dao - parameter count = 8
2017-01-23 15:28:58.804 [AWT-EventQueue-0] DEBUG bgpay.dao.Dao - Setting param 1: ggtd of type java.lang.String
2017-01-23 15:28:58.804 [AWT-EventQueue-0] DEBUG bgpay.dao.Dao - Setting param 2: girl of type java.lang.String
2017-01-23 15:28:58.804 [AWT-EventQueue-0] DEBUG bgpay.dao.Dao - Setting param 3: 23.75 of type java.lang.Double
2017-01-23 15:28:58.804 [AWT-EventQueue-0] DEBUG bgpay.dao.Dao - Setting param 4: 2017-01-28 of type java.time.LocalDate
2017-01-23 15:28:58.806 [AWT-EventQueue-0] DEBUG bgpay.dao.Dao - Setting param 5: 2017-01-28 of type java.time.LocalDate
2017-01-23 15:28:58.806 [AWT-EventQueue-0] DEBUG bgpay.dao.Dao - Setting param 6: 06:00:00 of type java.sql.Time
2017-01-23 15:28:58.806 [AWT-EventQueue-0] DEBUG bgpay.dao.Dao - Setting param 7: 13:30:00 of type java.sql.Time
2017-01-23 15:28:58.806 [AWT-EventQueue-0] DEBUG bgpay.dao.Dao - Setting param 8: true of type java.lang.Boolean
2017-01-23 15:29:57.999 [AWT-EventQueue-0] DEBUG bgpay.Driver - Loading properties file
2017-01-23 15:29:58.002 [AWT-EventQueue-0] DEBUG bgpay.Driver - Initializing database
2017-01-23 15:33:04.462 [AWT-EventQueue-0] DEBUG bgpay.Driver - Loading properties file
2017-01-23 15:33:04.464 [AWT-EventQueue-0] DEBUG bgpay.Driver - Initializing database
2017-01-23 15:33:26.556 [AWT-EventQueue-0] DEBUG bgpay.dao.Dao - INSERT INTO vouchers values (?, ?, ?, ?, ?, ?, ?, ?)
2017-01-23 15:33:26.556 [AWT-EventQueue-0] DEBUG bgpay.dao.Dao - [;kljibknlxc, ;xcvb;k, 23.75, 2017-01-30, 2017-01-30, 14:00:00, 00:00:00, true]
2017-01-23 15:33:26.556 [AWT-EventQueue-0] DEBUG bgpay.dao.Dao - parameter count = 8
2017-01-23 15:33:26.566 [AWT-EventQueue-0] DEBUG bgpay.dao.Dao - Setting param 1: ;kljibknlxc of type java.lang.String
2017-01-23 15:33:26.566 [AWT-EventQueue-0] DEBUG bgpay.dao.Dao - Setting param 2: ;xcvb;k of type java.lang.String
2017-01-23 15:33:26.566 [AWT-EventQueue-0] DEBUG bgpay.dao.Dao - Setting param 3: 23.75 of type java.lang.Double
2017-01-23 15:33:26.567 [AWT-EventQueue-0] DEBUG bgpay.dao.Dao - Setting param 4: 2017-01-30 of type java.time.LocalDate
2017-01-23 15:33:26.567 [AWT-EventQueue-0] DEBUG bgpay.dao.Dao - Setting param 5: 2017-01-30 of type java.time.LocalDate
2017-01-23 15:33:26.568 [AWT-EventQueue-0] DEBUG bgpay.dao.Dao - Setting param 6: 14:00:00 of type java.sql.Time
2017-01-23 15:33:26.568 [AWT-EventQueue-0] DEBUG bgpay.dao.Dao - Setting param 7: 00:00:00 of type java.sql.Time
2017-01-23 15:33:26.568 [AWT-EventQueue-0] DEBUG bgpay.dao.Dao - Setting param 8: true of type java.lang.Boolean
2017-01-23 16:57:03.775 [AWT-EventQueue-0] DEBUG bgpay.Driver - Loading properties file
2017-01-23 16:57:03.777 [AWT-EventQueue-0] DEBUG bgpay.Driver - Initializing database
2017-01-23 16:57:27.491 [AWT-EventQueue-0] DEBUG bgpay.dao.Dao - INSERT INTO vouchers values (?, ?, ?, ?, ?, ?, ?, ?)
2017-01-23 16:57:27.492 [AWT-EventQueue-0] DEBUG bgpay.dao.Dao - [Arrow, Oqf, 23.75, 2017-01-01, 2017-01-01, 12:00:00, 00:00:00, true]
2017-01-23 16:57:27.492 [AWT-EventQueue-0] DEBUG bgpay.dao.Dao - parameter count = 8
2017-01-23 16:57:27.502 [AWT-EventQueue-0] DEBUG bgpay.dao.Dao - Setting param 1: Arrow of type java.lang.String
2017-01-23 16:57:27.502 [AWT-EventQueue-0] DEBUG bgpay.dao.Dao - Setting param 2: Oqf of type java.lang.String
2017-01-23 16:57:27.502 [AWT-EventQueue-0] DEBUG bgpay.dao.Dao - Setting param 3: 23.75 of type java.lang.Double
2017-01-23 16:57:27.503 [AWT-EventQueue-0] DEBUG bgpay.dao.Dao - Setting param 4: 2017-01-01 of type java.time.LocalDate
2017-01-23 16:57:27.504 [AWT-EventQueue-0] DEBUG bgpay.dao.Dao - Setting param 5: 2017-01-01 of type java.time.LocalDate
2017-01-23 16:57:27.504 [AWT-EventQueue-0] DEBUG bgpay.dao.Dao - Setting param 6: 12:00:00 of type java.sql.Time
2017-01-23 16:57:27.504 [AWT-EventQueue-0] DEBUG bgpay.dao.Dao - Setting param 7: 00:00:00 of type java.sql.Time
2017-01-23 16:57:27.504 [AWT-EventQueue-0] DEBUG bgpay.dao.Dao - Setting param 8: true of type java.lang.Boolean
2017-01-23 16:58:33.162 [AWT-EventQueue-0] DEBUG bgpay.Driver - Loading properties file
2017-01-23 16:58:33.166 [AWT-EventQueue-0] DEBUG bgpay.Driver - Initializing database
2017-01-23 16:58:57.906 [AWT-EventQueue-0] DEBUG bgpay.Driver - Loading properties file
2017-01-23 16:58:57.908 [AWT-EventQueue-0] DEBUG bgpay.Driver - Initializing database
2017-01-23 17:02:19.884 [AWT-EventQueue-0] DEBUG bgpay.Driver - Loading properties file
2017-01-23 17:02:19.886 [AWT-EventQueue-0] DEBUG bgpay.Driver - Initializing database
2017-01-23 17:02:51.215 [AWT-EventQueue-0] DEBUG bgpay.dao.Dao - INSERT INTO vouchers values (?, ?, ?, ?, ?, ?, ?, ?)
2017-01-23 17:02:51.216 [AWT-EventQueue-0] DEBUG bgpay.dao.Dao - [the Flash, Central city Films, 23.75, 2017-01-03, 2017-01-03, 01:00:00, 00:00:00, true]
2017-01-23 17:02:51.216 [AWT-EventQueue-0] DEBUG bgpay.dao.Dao - parameter count = 8
2017-01-23 17:02:51.230 [AWT-EventQueue-0] DEBUG bgpay.dao.Dao - Setting param 1: the Flash of type java.lang.String
2017-01-23 17:02:51.230 [AWT-EventQueue-0] DEBUG bgpay.dao.Dao - Setting param 2: Central city Films of type java.lang.String
2017-01-23 17:02:51.230 [AWT-EventQueue-0] DEBUG bgpay.dao.Dao - Setting param 3: 23.75 of type java.lang.Double
2017-01-23 17:02:51.231 [AWT-EventQueue-0] DEBUG bgpay.dao.Dao - Setting param 4: 2017-01-03 of type java.time.LocalDate
2017-01-23 17:02:51.232 [AWT-EventQueue-0] DEBUG bgpay.dao.Dao - Setting param 5: 2017-01-03 of type java.time.LocalDate
2017-01-23 17:02:51.232 [AWT-EventQueue-0] DEBUG bgpay.dao.Dao - Setting param 6: 01:00:00 of type java.sql.Time
2017-01-23 17:02:51.232 [AWT-EventQueue-0] DEBUG bgpay.dao.Dao - Setting param 7: 00:00:00 of type java.sql.Time
2017-01-23 17:02:51.232 [AWT-EventQueue-0] DEBUG bgpay.dao.Dao - Setting param 8: true of type java.lang.Boolean
2017-01-23 17:06:30.400 [AWT-EventQueue-0] DEBUG bgpay.Driver - Loading properties file
2017-01-23 17:06:30.402 [AWT-EventQueue-0] DEBUG bgpay.Driver - Initializing database
2017-01-23 17:07:28.542 [AWT-EventQueue-0] DEBUG bgpay.Driver - Loading properties file
2017-01-23 17:07:28.544 [AWT-EventQueue-0] DEBUG bgpay.Driver - Initializing database
2017-01-23 17:11:21.157 [AWT-EventQueue-0] DEBUG bgpay.Driver - Loading properties file
2017-01-23 17:11:21.159 [AWT-EventQueue-0] DEBUG bgpay.Driver - Initializing database
2017-01-23 17:11:33.507 [AWT-EventQueue-0] DEBUG bgpay.dao.Dao - INSERT INTO vouchers values (?, ?, ?, ?, ?, ?, ?, ?)
2017-01-23 17:11:33.508 [AWT-EventQueue-0] DEBUG bgpay.dao.Dao - [sadfas, asdfasdf, 23.75, 2017-01-02, 2017-01-02, 00:00:00, 00:00:00, true]
2017-01-23 17:11:33.508 [AWT-EventQueue-0] DEBUG bgpay.dao.Dao - parameter count = 8
2017-01-23 17:11:33.518 [AWT-EventQueue-0] DEBUG bgpay.dao.Dao - Setting param 1: sadfas of type java.lang.String
2017-01-23 17:11:33.518 [AWT-EventQueue-0] DEBUG bgpay.dao.Dao - Setting param 2: asdfasdf of type java.lang.String
2017-01-23 17:11:33.518 [AWT-EventQueue-0] DEBUG bgpay.dao.Dao - Setting param 3: 23.75 of type java.lang.Double
2017-01-23 17:11:33.518 [AWT-EventQueue-0] DEBUG bgpay.dao.Dao - Setting param 4: 2017-01-02 of type java.time.LocalDate
2017-01-23 17:11:33.519 [AWT-EventQueue-0] DEBUG bgpay.dao.Dao - Setting param 5: 2017-01-02 of type java.time.LocalDate
2017-01-23 17:11:33.520 [AWT-EventQueue-0] DEBUG bgpay.dao.Dao - Setting param 6: 00:00:00 of type java.sql.Time
2017-01-23 17:11:33.520 [AWT-EventQueue-0] DEBUG bgpay.dao.Dao - Setting param 7: 00:00:00 of type java.sql.Time
2017-01-23 17:11:33.520 [AWT-EventQueue-0] DEBUG bgpay.dao.Dao - Setting param 8: true of type java.lang.Boolean
2017-01-23 17:11:45.548 [AWT-EventQueue-0] DEBUG bgpay.Driver - Loading properties file
2017-01-23 17:11:45.549 [AWT-EventQueue-0] DEBUG bgpay.Driver - Initializing database
2017-01-28 12:36:25.821 [AWT-EventQueue-0] DEBUG bgpay.Driver - Loading properties file
2017-01-28 12:36:25.823 [AWT-EventQueue-0] DEBUG bgpay.Driver - Initializing database
2017-01-28 12:36:37.337 [AWT-EventQueue-0] DEBUG bgpay.Driver - Loading properties file
2017-01-28 12:36:37.340 [AWT-EventQueue-0] DEBUG bgpay.Driver - Initializing database
2017-01-28 12:39:34.183 [AWT-EventQueue-0] DEBUG bgpay.Driver - Loading properties file
2017-01-28 12:39:34.186 [AWT-EventQueue-0] DEBUG bgpay.Driver - Initializing database
2017-01-28 12:40:00.277 [AWT-EventQueue-0] DEBUG bgpay.Driver - Loading properties file
2017-01-28 12:40:00.279 [AWT-EventQueue-0] DEBUG bgpay.Driver - Initializing database
2017-01-28 12:40:48.087 [AWT-EventQueue-0] DEBUG bgpay.Driver - Loading properties file
2017-01-28 12:40:48.089 [AWT-EventQueue-0] DEBUG bgpay.Driver - Initializing database
2017-01-28 12:41:14.646 [AWT-EventQueue-0] DEBUG bgpay.Driver - Loading properties file
2017-01-28 12:41:14.647 [AWT-EventQueue-0] DEBUG bgpay.Driver - Initializing database
2017-01-28 12:41:51.360 [AWT-EventQueue-0] DEBUG bgpay.dao.Dao - INSERT INTO vouchers values (?, ?, ?, ?, ?, ?, ?, ?)
2017-01-28 12:41:51.360 [AWT-EventQueue-0] DEBUG bgpay.dao.Dao - [ggtd, nbc, 23.75, 2017-02-01, 2017-02-01, 14:00:00, 18:00:00, true]
2017-01-28 12:41:51.360 [AWT-EventQueue-0] DEBUG bgpay.dao.Dao - parameter count = 8
2017-01-28 12:41:51.375 [AWT-EventQueue-0] DEBUG bgpay.dao.Dao - Setting param 1: ggtd of type java.lang.String
2017-01-28 12:41:51.375 [AWT-EventQueue-0] DEBUG bgpay.dao.Dao - Setting param 2: nbc of type java.lang.String
2017-01-28 12:41:51.375 [AWT-EventQueue-0] DEBUG bgpay.dao.Dao - Setting param 3: 23.75 of type java.lang.Double
2017-01-28 12:41:51.375 [AWT-EventQueue-0] DEBUG bgpay.dao.Dao - Setting param 4: 2017-02-01 of type java.time.LocalDate
2017-01-28 12:41:51.377 [AWT-EventQueue-0] DEBUG bgpay.dao.Dao - Setting param 5: 2017-02-01 of type java.time.LocalDate
2017-01-28 12:41:51.377 [AWT-EventQueue-0] DEBUG bgpay.dao.Dao - Setting param 6: 14:00:00 of type java.sql.Time
2017-01-28 12:41:51.377 [AWT-EventQueue-0] DEBUG bgpay.dao.Dao - Setting param 7: 18:00:00 of type java.sql.Time
2017-01-28 12:41:51.377 [AWT-EventQueue-0] DEBUG bgpay.dao.Dao - Setting param 8: true of type java.lang.Boolean
2017-01-28 12:42:16.796 [AWT-EventQueue-0] DEBUG bgpay.Driver - Loading properties file
2017-01-28 12:42:16.797 [AWT-EventQueue-0] DEBUG bgpay.Driver - Initializing database
2017-01-28 12:47:45.620 [AWT-EventQueue-0] DEBUG bgpay.Driver - Loading properties file
2017-01-28 12:47:45.626 [AWT-EventQueue-0] DEBUG bgpay.Driver - Initializing database
2017-01-28 12:52:51.548 [AWT-EventQueue-0] DEBUG bgpay.Driver - Loading properties file
2017-01-28 12:52:51.549 [AWT-EventQueue-0] DEBUG bgpay.Driver - Initializing database
2017-01-28 12:54:48.855 [AWT-EventQueue-0] DEBUG bgpay.Driver - Loading properties file
2017-01-28 12:54:48.857 [AWT-EventQueue-0] DEBUG bgpay.Driver - Initializing database
2017-01-28 12:55:06.424 [AWT-EventQueue-0] DEBUG bgpay.Driver - Loading properties file
2017-01-28 12:55:06.425 [AWT-EventQueue-0] DEBUG bgpay.Driver - Initializing database
2017-01-28 12:56:10.060 [AWT-EventQueue-0] DEBUG bgpay.Driver - Loading properties file
2017-01-28 12:56:10.061 [AWT-EventQueue-0] DEBUG bgpay.Driver - Initializing database
2017-01-28 12:59:36.297 [AWT-EventQueue-0] DEBUG bgpay.Driver - Loading properties file
2017-01-28 12:59:36.299 [AWT-EventQueue-0] DEBUG bgpay.Driver - Initializing database
2017-01-28 13:09:02.999 [AWT-EventQueue-0] DEBUG bgpay.Driver - Loading properties file
2017-01-28 13:09:03.002 [AWT-EventQueue-0] DEBUG bgpay.Driver - Initializing database
2017-01-28 13:10:55.482 [AWT-EventQueue-0] DEBUG bgpay.Driver - Loading properties file
2017-01-28 13:10:55.483 [AWT-EventQueue-0] DEBUG bgpay.Driver - Initializing database
2017-01-28 13:20:23.651 [AWT-EventQueue-0] DEBUG bgpay.Driver - Loading properties file
2017-01-28 13:20:23.653 [AWT-EventQueue-0] DEBUG bgpay.Driver - Initializing database
2017-01-28 13:21:25.532 [AWT-EventQueue-0] DEBUG bgpay.Driver - Loading properties file
2017-01-28 13:21:25.533 [AWT-EventQueue-0] DEBUG bgpay.Driver - Initializing database
2017-01-30 14:17:56.476 [AWT-EventQueue-0] DEBUG bgpay.Driver - Loading properties file
2017-01-30 14:17:56.479 [AWT-EventQueue-0] DEBUG bgpay.Driver - Initializing database
2017-01-30 14:24:51.335 [AWT-EventQueue-0] DEBUG bgpay.Driver - Loading properties file
2017-01-30 14:24:51.338 [AWT-EventQueue-0] DEBUG bgpay.Driver - Initializing database
2017-01-30 14:32:53.725 [AWT-EventQueue-0] DEBUG bgpay.Driver - Loading properties file
2017-01-30 14:32:53.727 [AWT-EventQueue-0] DEBUG bgpay.Driver - Initializing database
2017-01-31 14:18:46.503 [AWT-EventQueue-0] DEBUG bgpay.Driver - Loading properties file
2017-01-31 14:18:46.506 [AWT-EventQueue-0] DEBUG bgpay.Driver - Initializing database
2017-01-31 14:19:28.052 [AWT-EventQueue-0] DEBUG bgpay.dao.Dao - INSERT INTO vouchers values (?, ?, ?, ?, ?, ?, ?, ?)
2017-01-31 14:19:28.052 [AWT-EventQueue-0] DEBUG bgpay.dao.Dao - [Arrow, OQF, 23.75, 2017-01-01, 2017-01-01, 01:00:00, 12:00:00, true]
2017-01-31 14:19:28.052 [AWT-EventQueue-0] DEBUG bgpay.dao.Dao - parameter count = 8
2017-01-31 14:19:28.064 [AWT-EventQueue-0] DEBUG bgpay.dao.Dao - Setting param 1: Arrow of type java.lang.String
2017-01-31 14:19:28.065 [AWT-EventQueue-0] DEBUG bgpay.dao.Dao - Setting param 2: OQF of type java.lang.String
2017-01-31 14:19:28.065 [AWT-EventQueue-0] DEBUG bgpay.dao.Dao - Setting param 3: 23.75 of type java.lang.Double
2017-01-31 14:19:28.065 [AWT-EventQueue-0] DEBUG bgpay.dao.Dao - Setting param 4: 2017-01-01 of type java.time.LocalDate
2017-01-31 14:19:28.066 [AWT-EventQueue-0] DEBUG bgpay.dao.Dao - Setting param 5: 2017-01-01 of type java.time.LocalDate
2017-01-31 14:19:28.067 [AWT-EventQueue-0] DEBUG bgpay.dao.Dao - Setting param 6: 01:00:00 of type java.sql.Time
2017-01-31 14:19:28.067 [AWT-EventQueue-0] DEBUG bgpay.dao.Dao - Setting param 7: 12:00:00 of type java.sql.Time
2017-01-31 14:19:28.067 [AWT-EventQueue-0] DEBUG bgpay.dao.Dao - Setting param 8: true of type java.lang.Boolean
2017-01-31 14:19:41.911 [AWT-EventQueue-0] DEBUG bgpay.Driver - Loading properties file
2017-01-31 14:19:41.912 [AWT-EventQueue-0] DEBUG bgpay.Driver - Initializing database
2017-01-31 14:25:47.882 [AWT-EventQueue-0] DEBUG bgpay.Driver - Loading properties file
2017-01-31 14:25:47.884 [AWT-EventQueue-0] DEBUG bgpay.Driver - Initializing database
2017-01-31 14:27:34.810 [AWT-EventQueue-0] DEBUG bgpay.Driver - Loading properties file
2017-01-31 14:27:34.811 [AWT-EventQueue-0] DEBUG bgpay.Driver - Initializing database
2017-01-31 14:28:24.428 [AWT-EventQueue-0] DEBUG bgpay.dao.Dao - INSERT INTO vouchers values (?, ?, ?, ?, ?, ?, ?, ?)
2017-01-31 14:28:24.428 [AWT-EventQueue-0] DEBUG bgpay.dao.Dao - [The Flash, CCF, 23.75, 2017-01-04, 2017-01-04, 06:00:00, 12:00:00, true]
2017-01-31 14:28:24.428 [AWT-EventQueue-0] DEBUG bgpay.dao.Dao - parameter count = 8
2017-01-31 14:28:24.442 [AWT-EventQueue-0] DEBUG bgpay.dao.Dao - Setting param 1: The Flash of type java.lang.String
2017-01-31 14:28:24.443 [AWT-EventQueue-0] DEBUG bgpay.dao.Dao - Setting param 2: CCF of type java.lang.String
2017-01-31 14:28:24.443 [AWT-EventQueue-0] DEBUG bgpay.dao.Dao - Setting param 3: 23.75 of type java.lang.Double
2017-01-31 14:28:24.443 [AWT-EventQueue-0] DEBUG bgpay.dao.Dao - Setting param 4: 2017-01-04 of type java.time.LocalDate
2017-01-31 14:28:24.444 [AWT-EventQueue-0] DEBUG bgpay.dao.Dao - Setting param 5: 2017-01-04 of type java.time.LocalDate
2017-01-31 14:28:24.445 [AWT-EventQueue-0] DEBUG bgpay.dao.Dao - Setting param 6: 06:00:00 of type java.sql.Time
2017-01-31 14:28:24.445 [AWT-EventQueue-0] DEBUG bgpay.dao.Dao - Setting param 7: 12:00:00 of type java.sql.Time
2017-01-31 14:28:24.445 [AWT-EventQueue-0] DEBUG bgpay.dao.Dao - Setting param 8: true of type java.lang.Boolean
2017-01-31 14:38:55.978 [AWT-EventQueue-0] DEBUG bgpay.Driver - Loading properties file
2017-01-31 14:38:55.979 [AWT-EventQueue-0] DEBUG bgpay.Driver - Initializing database
2017-01-31 14:39:33.148 [AWT-EventQueue-0] DEBUG bgpay.dao.Dao - INSERT INTO vouchers values (?, ?, ?, ?, ?, ?, ?, ?)
2017-01-31 14:39:33.148 [AWT-EventQueue-0] DEBUG bgpay.dao.Dao - [Timeless , Pico Prod LTD., 23.75, 2017-01-05, 2017-01-05, 06:00:00, 13:00:00, true]
2017-01-31 14:39:33.148 [AWT-EventQueue-0] DEBUG bgpay.dao.Dao - parameter count = 8
2017-01-31 14:39:33.162 [AWT-EventQueue-0] DEBUG bgpay.dao.Dao - Setting param 1: Timeless  of type java.lang.String
2017-01-31 14:39:33.163 [AWT-EventQueue-0] DEBUG bgpay.dao.Dao - Setting param 2: Pico Prod LTD. of type java.lang.String
2017-01-31 14:39:33.163 [AWT-EventQueue-0] DEBUG bgpay.dao.Dao - Setting param 3: 23.75 of type java.lang.Double
2017-01-31 14:39:33.163 [AWT-EventQueue-0] DEBUG bgpay.dao.Dao - Setting param 4: 2017-01-05 of type java.time.LocalDate
2017-01-31 14:39:33.164 [AWT-EventQueue-0] DEBUG bgpay.dao.Dao - Setting param 5: 2017-01-05 of type java.time.LocalDate
2017-01-31 14:39:33.164 [AWT-EventQueue-0] DEBUG bgpay.dao.Dao - Setting param 6: 06:00:00 of type java.sql.Time
2017-01-31 14:39:33.164 [AWT-EventQueue-0] DEBUG bgpay.dao.Dao - Setting param 7: 13:00:00 of type java.sql.Time
2017-01-31 14:39:33.164 [AWT-EventQueue-0] DEBUG bgpay.dao.Dao - Setting param 8: true of type java.lang.Boolean
2017-01-31 14:39:50.347 [AWT-EventQueue-0] DEBUG bgpay.Driver - Loading properties file
2017-01-31 14:39:50.349 [AWT-EventQueue-0] DEBUG bgpay.Driver - Initializing database
2017-01-31 14:41:10.233 [AWT-EventQueue-0] DEBUG bgpay.Driver - Loading properties file
2017-01-31 14:41:10.235 [AWT-EventQueue-0] DEBUG bgpay.Driver - Initializing database
2017-01-31 14:44:57.724 [AWT-EventQueue-0] DEBUG bgpay.Driver - Loading properties file
2017-01-31 14:44:57.727 [AWT-EventQueue-0] DEBUG bgpay.Driver - Initializing database
2017-01-31 14:55:14.597 [AWT-EventQueue-0] DEBUG bgpay.Driver - Loading properties file
2017-01-31 14:55:14.599 [AWT-EventQueue-0] DEBUG bgpay.Driver - Initializing database
2017-01-31 14:57:27.301 [AWT-EventQueue-0] DEBUG bgpay.Driver - Loading properties file
2017-01-31 14:57:27.303 [AWT-EventQueue-0] DEBUG bgpay.Driver - Initializing database
2017-01-31 14:59:12.874 [AWT-EventQueue-0] DEBUG bgpay.Driver - Loading properties file
2017-01-31 14:59:12.876 [AWT-EventQueue-0] DEBUG bgpay.Driver - Initializing database
2017-01-31 15:02:20.810 [AWT-EventQueue-0] DEBUG bgpay.Driver - Loading properties file
2017-01-31 15:02:20.812 [AWT-EventQueue-0] DEBUG bgpay.Driver - Initializing database
2017-01-31 15:03:32.982 [AWT-EventQueue-0] DEBUG bgpay.Driver - Loading properties file
2017-01-31 15:03:32.984 [AWT-EventQueue-0] DEBUG bgpay.Driver - Initializing database
2017-01-31 15:05:42.710 [AWT-EventQueue-0] DEBUG bgpay.Driver - Loading properties file
2017-01-31 15:05:42.712 [AWT-EventQueue-0] DEBUG bgpay.Driver - Initializing database
2017-01-31 15:08:34.032 [AWT-EventQueue-0] DEBUG bgpay.Driver - Loading properties file
2017-01-31 15:08:34.033 [AWT-EventQueue-0] DEBUG bgpay.Driver - Initializing database
2017-01-31 15:09:09.036 [AWT-EventQueue-0] DEBUG bgpay.dao.Dao - INSERT INTO vouchers values (?, ?, ?, ?, ?, ?, ?, ?)
2017-01-31 15:09:09.036 [AWT-EventQueue-0] DEBUG bgpay.dao.Dao - [Arrow, OQF, 23.75, 2017-01-01, 2017-01-01, 02:00:00, 12:00:00, true]
2017-01-31 15:09:09.036 [AWT-EventQueue-0] DEBUG bgpay.dao.Dao - parameter count = 8
2017-01-31 15:09:09.046 [AWT-EventQueue-0] DEBUG bgpay.dao.Dao - Setting param 1: Arrow of type java.lang.String
2017-01-31 15:09:09.046 [AWT-EventQueue-0] DEBUG bgpay.dao.Dao - Setting param 2: OQF of type java.lang.String
2017-01-31 15:09:09.046 [AWT-EventQueue-0] DEBUG bgpay.dao.Dao - Setting param 3: 23.75 of type java.lang.Double
2017-01-31 15:09:09.046 [AWT-EventQueue-0] DEBUG bgpay.dao.Dao - Setting param 4: 2017-01-01 of type java.time.LocalDate
2017-01-31 15:09:09.047 [AWT-EventQueue-0] DEBUG bgpay.dao.Dao - Setting param 5: 2017-01-01 of type java.time.LocalDate
2017-01-31 15:09:09.047 [AWT-EventQueue-0] DEBUG bgpay.dao.Dao - Setting param 6: 02:00:00 of type java.sql.Time
2017-01-31 15:09:09.047 [AWT-EventQueue-0] DEBUG bgpay.dao.Dao - Setting param 7: 12:00:00 of type java.sql.Time
2017-01-31 15:09:09.047 [AWT-EventQueue-0] DEBUG bgpay.dao.Dao - Setting param 8: true of type java.lang.Boolean
2017-01-31 15:11:16.180 [AWT-EventQueue-0] DEBUG bgpay.Driver - Loading properties file
2017-01-31 15:11:16.186 [AWT-EventQueue-0] DEBUG bgpay.Driver - Initializing database
2017-01-31 15:11:45.863 [AWT-EventQueue-0] DEBUG bgpay.dao.Dao - INSERT INTO vouchers values (?, ?, ?, ?, ?, ?, ?, ?)
2017-01-31 15:11:45.863 [AWT-EventQueue-0] DEBUG bgpay.dao.Dao - [The Flash, CCF, 23.75, 2017-01-02, 2017-01-02, 09:00:00, 12:00:00, true]
2017-01-31 15:11:45.863 [AWT-EventQueue-0] DEBUG bgpay.dao.Dao - parameter count = 8
2017-01-31 15:11:45.876 [AWT-EventQueue-0] DEBUG bgpay.dao.Dao - Setting param 1: The Flash of type java.lang.String
2017-01-31 15:11:45.876 [AWT-EventQueue-0] DEBUG bgpay.dao.Dao - Setting param 2: CCF of type java.lang.String
2017-01-31 15:11:45.876 [AWT-EventQueue-0] DEBUG bgpay.dao.Dao - Setting param 3: 23.75 of type java.lang.Double
2017-01-31 15:11:45.876 [AWT-EventQueue-0] DEBUG bgpay.dao.Dao - Setting param 4: 2017-01-02 of type java.time.LocalDate
2017-01-31 15:11:45.877 [AWT-EventQueue-0] DEBUG bgpay.dao.Dao - Setting param 5: 2017-01-02 of type java.time.LocalDate
2017-01-31 15:11:45.877 [AWT-EventQueue-0] DEBUG bgpay.dao.Dao - Setting param 6: 09:00:00 of type java.sql.Time
2017-01-31 15:11:45.877 [AWT-EventQueue-0] DEBUG bgpay.dao.Dao - Setting param 7: 12:00:00 of type java.sql.Time
2017-01-31 15:11:45.877 [AWT-EventQueue-0] DEBUG bgpay.dao.Dao - Setting param 8: true of type java.lang.Boolean
2017-01-31 15:18:56.603 [AWT-EventQueue-0] DEBUG bgpay.Driver - Loading properties file
2017-01-31 15:18:56.604 [AWT-EventQueue-0] DEBUG bgpay.Driver - Initializing database
2017-01-31 15:19:25.015 [AWT-EventQueue-0] DEBUG bgpay.Driver - Loading properties file
2017-01-31 15:19:25.017 [AWT-EventQueue-0] DEBUG bgpay.Driver - Initializing database
2017-01-31 15:20:17.247 [AWT-EventQueue-0] DEBUG bgpay.dao.Dao - INSERT INTO vouchers values (?, ?, ?, ?, ?, ?, ?, ?)
2017-01-31 15:20:17.247 [AWT-EventQueue-0] DEBUG bgpay.dao.Dao - [GGTD, Blah, 23.75, 2017-01-24, 2017-01-24, 07:00:00, 12:00:00, true]
2017-01-31 15:20:17.247 [AWT-EventQueue-0] DEBUG bgpay.dao.Dao - parameter count = 8
2017-01-31 15:20:17.258 [AWT-EventQueue-0] DEBUG bgpay.dao.Dao - Setting param 1: GGTD of type java.lang.String
2017-01-31 15:20:17.259 [AWT-EventQueue-0] DEBUG bgpay.dao.Dao - Setting param 2: Blah of type java.lang.String
2017-01-31 15:20:17.259 [AWT-EventQueue-0] DEBUG bgpay.dao.Dao - Setting param 3: 23.75 of type java.lang.Double
2017-01-31 15:20:17.259 [AWT-EventQueue-0] DEBUG bgpay.dao.Dao - Setting param 4: 2017-01-24 of type java.time.LocalDate
2017-01-31 15:20:17.260 [AWT-EventQueue-0] DEBUG bgpay.dao.Dao - Setting param 5: 2017-01-24 of type java.time.LocalDate
2017-01-31 15:20:17.261 [AWT-EventQueue-0] DEBUG bgpay.dao.Dao - Setting param 6: 07:00:00 of type java.sql.Time
2017-01-31 15:20:17.261 [AWT-EventQueue-0] DEBUG bgpay.dao.Dao - Setting param 7: 12:00:00 of type java.sql.Time
2017-01-31 15:20:17.261 [AWT-EventQueue-0] DEBUG bgpay.dao.Dao - Setting param 8: true of type java.lang.Boolean
2017-02-01 15:53:58.738 [AWT-EventQueue-0] DEBUG bgpay.Driver - Loading properties file
2017-02-01 15:53:58.740 [AWT-EventQueue-0] DEBUG bgpay.Driver - Initializing database
2017-02-01 15:55:29.501 [AWT-EventQueue-0] DEBUG bgpay.Driver - Loading properties file
2017-02-01 15:55:29.503 [AWT-EventQueue-0] DEBUG bgpay.Driver - Initializing database
2017-02-01 15:58:03.909 [AWT-EventQueue-0] DEBUG bgpay.Driver - Loading properties file
2017-02-01 15:58:03.912 [AWT-EventQueue-0] DEBUG bgpay.Driver - Initializing database
2017-02-01 16:02:29.468 [AWT-EventQueue-0] DEBUG bgpay.Driver - Loading properties file
2017-02-01 16:02:29.470 [AWT-EventQueue-0] DEBUG bgpay.Driver - Initializing database
2017-02-01 16:11:14.915 [AWT-EventQueue-0] DEBUG bgpay.Driver - Loading properties file
2017-02-01 16:11:14.917 [AWT-EventQueue-0] DEBUG bgpay.Driver - Initializing database
2017-02-01 16:11:37.067 [AWT-EventQueue-0] DEBUG bgpay.dao.Dao - INSERT INTO vouchers values (?, ?, ?, ?, ?, ?, ?, ?)
2017-02-01 16:11:37.068 [AWT-EventQueue-0] DEBUG bgpay.dao.Dao - [Arrow, OQF, 23.75, 2017-02-01, 2017-02-01, 08:00:00, 12:00:00, true]
2017-02-01 16:11:37.068 [AWT-EventQueue-0] DEBUG bgpay.dao.Dao - parameter count = 8
2017-02-01 16:11:37.081 [AWT-EventQueue-0] DEBUG bgpay.dao.Dao - Setting param 1: Arrow of type java.lang.String
2017-02-01 16:11:37.081 [AWT-EventQueue-0] DEBUG bgpay.dao.Dao - Setting param 2: OQF of type java.lang.String
2017-02-01 16:11:37.081 [AWT-EventQueue-0] DEBUG bgpay.dao.Dao - Setting param 3: 23.75 of type java.lang.Double
2017-02-01 16:11:37.081 [AWT-EventQueue-0] DEBUG bgpay.dao.Dao - Setting param 4: 2017-02-01 of type java.time.LocalDate
2017-02-01 16:11:37.083 [AWT-EventQueue-0] DEBUG bgpay.dao.Dao - Setting param 5: 2017-02-01 of type java.time.LocalDate
2017-02-01 16:11:37.083 [AWT-EventQueue-0] DEBUG bgpay.dao.Dao - Setting param 6: 08:00:00 of type java.sql.Time
2017-02-01 16:11:37.083 [AWT-EventQueue-0] DEBUG bgpay.dao.Dao - Setting param 7: 12:00:00 of type java.sql.Time
2017-02-01 16:11:37.083 [AWT-EventQueue-0] DEBUG bgpay.dao.Dao - Setting param 8: true of type java.lang.Boolean
2017-02-01 16:11:58.367 [AWT-EventQueue-0] DEBUG bgpay.Driver - Loading properties file
2017-02-01 16:11:58.369 [AWT-EventQueue-0] DEBUG bgpay.Driver - Initializing database
2017-02-01 16:35:34.942 [AWT-EventQueue-0] DEBUG bgpay.Driver - Loading properties file
2017-02-01 16:35:34.943 [AWT-EventQueue-0] DEBUG bgpay.Driver - Initializing database
2017-02-01 16:35:53.117 [AWT-EventQueue-0] DEBUG bgpay.dao.Dao - INSERT INTO vouchers values (?, ?, ?, ?, ?, ?, ?, ?)
2017-02-01 16:35:53.117 [AWT-EventQueue-0] DEBUG bgpay.dao.Dao - [Riverdale, dark river, 23.75, 2017-02-02, 2017-02-02, 09:00:00, 12:00:00, true]
2017-02-01 16:35:53.118 [AWT-EventQueue-0] DEBUG bgpay.dao.Dao - parameter count = 8
2017-02-01 16:35:53.128 [AWT-EventQueue-0] DEBUG bgpay.dao.Dao - Setting param 1: Riverdale of type java.lang.String
2017-02-01 16:35:53.128 [AWT-EventQueue-0] DEBUG bgpay.dao.Dao - Setting param 2: dark river of type java.lang.String
2017-02-01 16:35:53.128 [AWT-EventQueue-0] DEBUG bgpay.dao.Dao - Setting param 3: 23.75 of type java.lang.Double
2017-02-01 16:35:53.128 [AWT-EventQueue-0] DEBUG bgpay.dao.Dao - Setting param 4: 2017-02-02 of type java.time.LocalDate
2017-02-01 16:35:53.129 [AWT-EventQueue-0] DEBUG bgpay.dao.Dao - Setting param 5: 2017-02-02 of type java.time.LocalDate
2017-02-01 16:35:53.129 [AWT-EventQueue-0] DEBUG bgpay.dao.Dao - Setting param 6: 09:00:00 of type java.sql.Time
2017-02-01 16:35:53.129 [AWT-EventQueue-0] DEBUG bgpay.dao.Dao - Setting param 7: 12:00:00 of type java.sql.Time
2017-02-01 16:35:53.129 [AWT-EventQueue-0] DEBUG bgpay.dao.Dao - Setting param 8: true of type java.lang.Boolean
2017-02-01 16:38:36.331 [AWT-EventQueue-0] DEBUG bgpay.Driver - Loading properties file
2017-02-01 16:38:36.333 [AWT-EventQueue-0] DEBUG bgpay.Driver - Initializing database
2017-02-01 16:38:56.588 [AWT-EventQueue-0] DEBUG bgpay.dao.Dao - INSERT INTO vouchers values (?, ?, ?, ?, ?, ?, ?, ?)
2017-02-01 16:38:56.588 [AWT-EventQueue-0] DEBUG bgpay.dao.Dao - [Timeless, Pico Prod., 23.75, 2017-02-03, 2017-02-03, 06:00:00, 12:00:00, true]
2017-02-01 16:38:56.588 [AWT-EventQueue-0] DEBUG bgpay.dao.Dao - parameter count = 8
2017-02-01 16:38:56.598 [AWT-EventQueue-0] DEBUG bgpay.dao.Dao - Setting param 1: Timeless of type java.lang.String
2017-02-01 16:38:56.598 [AWT-EventQueue-0] DEBUG bgpay.dao.Dao - Setting param 2: Pico Prod. of type java.lang.String
2017-02-01 16:38:56.599 [AWT-EventQueue-0] DEBUG bgpay.dao.Dao - Setting param 3: 23.75 of type java.lang.Double
2017-02-01 16:38:56.599 [AWT-EventQueue-0] DEBUG bgpay.dao.Dao - Setting param 4: 2017-02-03 of type java.time.LocalDate
2017-02-01 16:38:56.600 [AWT-EventQueue-0] DEBUG bgpay.dao.Dao - Setting param 5: 2017-02-03 of type java.time.LocalDate
2017-02-01 16:38:56.600 [AWT-EventQueue-0] DEBUG bgpay.dao.Dao - Setting param 6: 06:00:00 of type java.sql.Time
2017-02-01 16:38:56.600 [AWT-EventQueue-0] DEBUG bgpay.dao.Dao - Setting param 7: 12:00:00 of type java.sql.Time
2017-02-01 16:38:56.600 [AWT-EventQueue-0] DEBUG bgpay.dao.Dao - Setting param 8: true of type java.lang.Boolean
2017-02-01 16:40:36.541 [AWT-EventQueue-0] DEBUG bgpay.Driver - Loading properties file
2017-02-01 16:40:36.542 [AWT-EventQueue-0] DEBUG bgpay.Driver - Initializing database
2017-02-01 16:40:53.337 [AWT-EventQueue-0] DEBUG bgpay.dao.Dao - INSERT INTO vouchers values (?, ?, ?, ?, ?, ?, ?, ?)
2017-02-01 16:40:53.337 [AWT-EventQueue-0] DEBUG bgpay.dao.Dao - [The Flash , CCF, 23.75, 2017-02-04, 2017-02-04, 12:00:00, 12:00:00, true]
2017-02-01 16:40:53.337 [AWT-EventQueue-0] DEBUG bgpay.dao.Dao - parameter count = 8
2017-02-01 16:40:53.347 [AWT-EventQueue-0] DEBUG bgpay.dao.Dao - Setting param 1: The Flash  of type java.lang.String
2017-02-01 16:40:53.347 [AWT-EventQueue-0] DEBUG bgpay.dao.Dao - Setting param 2: CCF of type java.lang.String
2017-02-01 16:40:53.347 [AWT-EventQueue-0] DEBUG bgpay.dao.Dao - Setting param 3: 23.75 of type java.lang.Double
2017-02-01 16:40:53.347 [AWT-EventQueue-0] DEBUG bgpay.dao.Dao - Setting param 4: 2017-02-04 of type java.time.LocalDate
2017-02-01 16:40:53.348 [AWT-EventQueue-0] DEBUG bgpay.dao.Dao - Setting param 5: 2017-02-04 of type java.time.LocalDate
2017-02-01 16:40:53.348 [AWT-EventQueue-0] DEBUG bgpay.dao.Dao - Setting param 6: 12:00:00 of type java.sql.Time
2017-02-01 16:40:53.348 [AWT-EventQueue-0] DEBUG bgpay.dao.Dao - Setting param 7: 12:00:00 of type java.sql.Time
2017-02-01 16:40:53.348 [AWT-EventQueue-0] DEBUG bgpay.dao.Dao - Setting param 8: true of type java.lang.Boolean
2017-02-01 16:48:54.691 [AWT-EventQueue-0] DEBUG bgpay.Driver - Loading properties file
2017-02-01 16:48:54.693 [AWT-EventQueue-0] DEBUG bgpay.Driver - Initializing database
2017-02-01 16:49:00.631 [AWT-EventQueue-0] DEBUG bgpay.dao.Dao - UPDATE vouchers SET productionName=?, productionCompany=?, Rate=?, startDate=?, endDate=?, startTime=?, endTime=?, paid=? WHERE startDate=? AND endDate=?
2017-02-01 16:49:00.632 [AWT-EventQueue-0] DEBUG bgpay.dao.Dao - [The Flash , CCF, 23.75, 2017-02-04, 2017-02-04, 12:00, 12:00, 2017-02-04, 2017-02-04]
2017-02-01 16:49:00.632 [AWT-EventQueue-0] DEBUG bgpay.dao.Dao - parameter count = 10
2017-02-01 16:49:00.642 [AWT-EventQueue-0] DEBUG bgpay.dao.Dao - Setting param 1: The Flash  of type java.lang.String
2017-02-01 16:49:00.643 [AWT-EventQueue-0] DEBUG bgpay.dao.Dao - Setting param 2: CCF of type java.lang.String
2017-02-01 16:49:00.643 [AWT-EventQueue-0] DEBUG bgpay.dao.Dao - Setting param 3: 23.75 of type java.lang.Double
2017-02-01 16:49:00.643 [AWT-EventQueue-0] DEBUG bgpay.dao.Dao - Setting param 4: 2017-02-04 of type java.time.LocalDate
2017-02-01 16:49:00.644 [AWT-EventQueue-0] DEBUG bgpay.dao.Dao - Setting param 5: 2017-02-04 of type java.time.LocalDate
2017-02-01 16:49:00.645 [AWT-EventQueue-0] DEBUG bgpay.dao.Dao - Setting param 6: 12:00 of type java.time.LocalTime
2017-02-01 16:49:00.645 [AWT-EventQueue-0] DEBUG bgpay.dao.Dao - Setting param 7: 12:00 of type java.time.LocalTime
2017-02-01 16:49:00.645 [AWT-EventQueue-0] DEBUG bgpay.dao.Dao - Setting param 8: 2017-02-04 of type java.time.LocalDate
2017-02-01 16:49:00.645 [AWT-EventQueue-0] DEBUG bgpay.dao.Dao - Setting param 9: 2017-02-04 of type java.time.LocalDate
2017-02-01 16:50:27.376 [AWT-EventQueue-0] DEBUG bgpay.Driver - Loading properties file
2017-02-01 16:50:27.378 [AWT-EventQueue-0] DEBUG bgpay.Driver - Initializing database
2017-02-01 16:50:32.782 [AWT-EventQueue-0] DEBUG bgpay.dao.Dao - UPDATE vouchers SET productionName=?, productionCompany=?, Rate=?, startDate=?, endDate=?, startTime=?, endTime=?, paid=? WHERE startDate=? AND endDate=?
2017-02-01 16:50:32.783 [AWT-EventQueue-0] DEBUG bgpay.dao.Dao - [Timeless, Pico Prod., 23.75, 2017-02-03, 2017-02-03, 06:00, 12:00, true, 2017-02-03, 2017-02-03]
2017-02-01 16:50:32.783 [AWT-EventQueue-0] DEBUG bgpay.dao.Dao - parameter count = 10
2017-02-01 16:50:32.795 [AWT-EventQueue-0] DEBUG bgpay.dao.Dao - Setting param 1: Timeless of type java.lang.String
2017-02-01 16:50:32.795 [AWT-EventQueue-0] DEBUG bgpay.dao.Dao - Setting param 2: Pico Prod. of type java.lang.String
2017-02-01 16:50:32.795 [AWT-EventQueue-0] DEBUG bgpay.dao.Dao - Setting param 3: 23.75 of type java.lang.Double
2017-02-01 16:50:32.795 [AWT-EventQueue-0] DEBUG bgpay.dao.Dao - Setting param 4: 2017-02-03 of type java.time.LocalDate
2017-02-01 16:50:32.797 [AWT-EventQueue-0] DEBUG bgpay.dao.Dao - Setting param 5: 2017-02-03 of type java.time.LocalDate
2017-02-01 16:50:32.797 [AWT-EventQueue-0] DEBUG bgpay.dao.Dao - Setting param 6: 06:00 of type java.time.LocalTime
2017-02-01 16:50:32.797 [AWT-EventQueue-0] DEBUG bgpay.dao.Dao - Setting param 7: 12:00 of type java.time.LocalTime
2017-02-01 16:50:32.797 [AWT-EventQueue-0] DEBUG bgpay.dao.Dao - Setting param 8: true of type java.lang.Boolean
2017-02-01 16:50:32.797 [AWT-EventQueue-0] DEBUG bgpay.dao.Dao - Setting param 9: 2017-02-03 of type java.time.LocalDate
2017-02-01 16:50:32.797 [AWT-EventQueue-0] DEBUG bgpay.dao.Dao - Setting param 10: 2017-02-03 of type java.time.LocalDate
2017-02-01 16:52:25.846 [AWT-EventQueue-0] DEBUG bgpay.Driver - Loading properties file
2017-02-01 16:52:25.848 [AWT-EventQueue-0] DEBUG bgpay.Driver - Initializing database
2017-02-01 16:52:30.508 [AWT-EventQueue-0] DEBUG bgpay.dao.Dao - UPDATE vouchers SET productionName=?, productionCompany=?, Rate=?, startDate=?, endDate=?, startTime=?, endTime=?, paid=? WHERE startDate=? AND endDate=?
2017-02-01 16:52:30.508 [AWT-EventQueue-0] DEBUG bgpay.dao.Dao - [Riverdale, dark river, 23.75, 2017-02-02, 2017-02-02, 09:00, 12:00, true, 2017-02-02, 2017-02-02]
2017-02-01 16:52:30.508 [AWT-EventQueue-0] DEBUG bgpay.dao.Dao - parameter count = 10
2017-02-01 16:52:30.518 [AWT-EventQueue-0] DEBUG bgpay.dao.Dao - Setting param 1: Riverdale of type java.lang.String
2017-02-01 16:52:30.518 [AWT-EventQueue-0] DEBUG bgpay.dao.Dao - Setting param 2: dark river of type java.lang.String
2017-02-01 16:52:30.519 [AWT-EventQueue-0] DEBUG bgpay.dao.Dao - Setting param 3: 23.75 of type java.lang.Double
2017-02-01 16:52:30.519 [AWT-EventQueue-0] DEBUG bgpay.dao.Dao - Setting param 4: 2017-02-02 of type java.time.LocalDate
2017-02-01 16:52:30.520 [AWT-EventQueue-0] DEBUG bgpay.dao.Dao - Setting param 5: 2017-02-02 of type java.time.LocalDate
2017-02-01 16:52:30.520 [AWT-EventQueue-0] DEBUG bgpay.dao.Dao - Setting param 6: 09:00 of type java.time.LocalTime
2017-02-01 16:52:30.521 [AWT-EventQueue-0] DEBUG bgpay.dao.Dao - Setting param 7: 12:00 of type java.time.LocalTime
2017-02-01 16:52:30.521 [AWT-EventQueue-0] DEBUG bgpay.dao.Dao - Setting param 8: true of type java.lang.Boolean
2017-02-01 16:52:30.521 [AWT-EventQueue-0] DEBUG bgpay.dao.Dao - Setting param 9: 2017-02-02 of type java.time.LocalDate
2017-02-01 16:52:30.521 [AWT-EventQueue-0] DEBUG bgpay.dao.Dao - Setting param 10: 2017-02-02 of type java.time.LocalDate
2017-02-01 16:52:45.219 [AWT-EventQueue-0] DEBUG bgpay.dao.Dao - UPDATE vouchers SET productionName=?, productionCompany=?, Rate=?, startDate=?, endDate=?, startTime=?, endTime=?, paid=? WHERE startDate=? AND endDate=?
2017-02-01 16:52:45.219 [AWT-EventQueue-0] DEBUG bgpay.dao.Dao - [Riverdale, dark river, 23.75, 2017-02-02, 2017-02-02, 09:00, 12:00, true, 2017-02-02, 2017-02-02]
2017-02-01 16:52:45.219 [AWT-EventQueue-0] DEBUG bgpay.dao.Dao - parameter count = 10
2017-02-01 16:52:45.220 [AWT-EventQueue-0] DEBUG bgpay.dao.Dao - Setting param 1: Riverdale of type java.lang.String
2017-02-01 16:52:45.220 [AWT-EventQueue-0] DEBUG bgpay.dao.Dao - Setting param 2: dark river of type java.lang.String
2017-02-01 16:52:45.220 [AWT-EventQueue-0] DEBUG bgpay.dao.Dao - Setting param 3: 23.75 of type java.lang.Double
2017-02-01 16:52:45.220 [AWT-EventQueue-0] DEBUG bgpay.dao.Dao - Setting param 4: 2017-02-02 of type java.time.LocalDate
2017-02-01 16:52:45.220 [AWT-EventQueue-0] DEBUG bgpay.dao.Dao - Setting param 5: 2017-02-02 of type java.time.LocalDate
2017-02-01 16:52:45.220 [AWT-EventQueue-0] DEBUG bgpay.dao.Dao - Setting param 6: 09:00 of type java.time.LocalTime
2017-02-01 16:52:45.220 [AWT-EventQueue-0] DEBUG bgpay.dao.Dao - Setting param 7: 12:00 of type java.time.LocalTime
2017-02-01 16:52:45.220 [AWT-EventQueue-0] DEBUG bgpay.dao.Dao - Setting param 8: true of type java.lang.Boolean
2017-02-01 16:52:45.220 [AWT-EventQueue-0] DEBUG bgpay.dao.Dao - Setting param 9: 2017-02-02 of type java.time.LocalDate
2017-02-01 16:52:45.220 [AWT-EventQueue-0] DEBUG bgpay.dao.Dao - Setting param 10: 2017-02-02 of type java.time.LocalDate
2017-02-02 11:52:19.756 [AWT-EventQueue-0] DEBUG bgpay.Driver - Loading properties file
2017-02-02 11:52:19.758 [AWT-EventQueue-0] DEBUG bgpay.Driver - Initializing database
2017-02-02 11:52:53.555 [AWT-EventQueue-0] DEBUG bgpay.dao.Dao - INSERT INTO vouchers values (?, ?, ?, ?, ?, ?, ?, ?)
2017-02-02 11:52:53.555 [AWT-EventQueue-0] DEBUG bgpay.dao.Dao - [Arrow, OQF, 23.75, 2017-02-01, 2017-02-01, 12:00:00, 12:00:00, true]
2017-02-02 11:52:53.555 [AWT-EventQueue-0] DEBUG bgpay.dao.Dao - parameter count = 8
2017-02-02 11:52:53.568 [AWT-EventQueue-0] DEBUG bgpay.dao.Dao - Setting param 1: Arrow of type java.lang.String
2017-02-02 11:52:53.568 [AWT-EventQueue-0] DEBUG bgpay.dao.Dao - Setting param 2: OQF of type java.lang.String
2017-02-02 11:52:53.568 [AWT-EventQueue-0] DEBUG bgpay.dao.Dao - Setting param 3: 23.75 of type java.lang.Double
2017-02-02 11:52:53.569 [AWT-EventQueue-0] DEBUG bgpay.dao.Dao - Setting param 4: 2017-02-01 of type java.time.LocalDate
2017-02-02 11:52:53.570 [AWT-EventQueue-0] DEBUG bgpay.dao.Dao - Setting param 5: 2017-02-01 of type java.time.LocalDate
2017-02-02 11:52:53.571 [AWT-EventQueue-0] DEBUG bgpay.dao.Dao - Setting param 6: 12:00:00 of type java.sql.Time
2017-02-02 11:52:53.571 [AWT-EventQueue-0] DEBUG bgpay.dao.Dao - Setting param 7: 12:00:00 of type java.sql.Time
2017-02-02 11:52:53.571 [AWT-EventQueue-0] DEBUG bgpay.dao.Dao - Setting param 8: true of type java.lang.Boolean
2017-02-02 11:54:26.872 [AWT-EventQueue-0] DEBUG bgpay.Driver - Loading properties file
2017-02-02 11:54:26.874 [AWT-EventQueue-0] DEBUG bgpay.Driver - Initializing database
2017-02-02 11:54:45.086 [AWT-EventQueue-0] DEBUG bgpay.dao.Dao - INSERT INTO vouchers values (?, ?, ?, ?, ?, ?, ?, ?)
2017-02-02 11:54:45.086 [AWT-EventQueue-0] DEBUG bgpay.dao.Dao - [Timeless, Pico Prod., 23.75, 2017-02-02, 2017-02-02, 12:00:00, 12:00:00, true]
2017-02-02 11:54:45.086 [AWT-EventQueue-0] DEBUG bgpay.dao.Dao - parameter count = 8
2017-02-02 11:54:45.096 [AWT-EventQueue-0] DEBUG bgpay.dao.Dao - Setting param 1: Timeless of type java.lang.String
2017-02-02 11:54:45.097 [AWT-EventQueue-0] DEBUG bgpay.dao.Dao - Setting param 2: Pico Prod. of type java.lang.String
2017-02-02 11:54:45.097 [AWT-EventQueue-0] DEBUG bgpay.dao.Dao - Setting param 3: 23.75 of type java.lang.Double
2017-02-02 11:54:45.097 [AWT-EventQueue-0] DEBUG bgpay.dao.Dao - Setting param 4: 2017-02-02 of type java.time.LocalDate
2017-02-02 11:54:45.098 [AWT-EventQueue-0] DEBUG bgpay.dao.Dao - Setting param 5: 2017-02-02 of type java.time.LocalDate
2017-02-02 11:54:45.098 [AWT-EventQueue-0] DEBUG bgpay.dao.Dao - Setting param 6: 12:00:00 of type java.sql.Time
2017-02-02 11:54:45.098 [AWT-EventQueue-0] DEBUG bgpay.dao.Dao - Setting param 7: 12:00:00 of type java.sql.Time
2017-02-02 11:54:45.098 [AWT-EventQueue-0] DEBUG bgpay.dao.Dao - Setting param 8: true of type java.lang.Boolean
2017-02-02 11:55:40.687 [AWT-EventQueue-0] DEBUG bgpay.Driver - Loading properties file
2017-02-02 11:55:40.689 [AWT-EventQueue-0] DEBUG bgpay.Driver - Initializing database
2017-02-02 11:56:00.727 [AWT-EventQueue-0] DEBUG bgpay.dao.Dao - INSERT INTO vouchers values (?, ?, ?, ?, ?, ?, ?, ?)
2017-02-02 11:56:00.728 [AWT-EventQueue-0] DEBUG bgpay.dao.Dao - [Riverdale, Shadow Lake, 23.75, 2017-02-03, 2017-02-03, 12:00:00, 12:00:00, true]
2017-02-02 11:56:00.728 [AWT-EventQueue-0] DEBUG bgpay.dao.Dao - parameter count = 8
2017-02-02 11:56:00.740 [AWT-EventQueue-0] DEBUG bgpay.dao.Dao - Setting param 1: Riverdale of type java.lang.String
2017-02-02 11:56:00.740 [AWT-EventQueue-0] DEBUG bgpay.dao.Dao - Setting param 2: Shadow Lake of type java.lang.String
2017-02-02 11:56:00.740 [AWT-EventQueue-0] DEBUG bgpay.dao.Dao - Setting param 3: 23.75 of type java.lang.Double
2017-02-02 11:56:00.741 [AWT-EventQueue-0] DEBUG bgpay.dao.Dao - Setting param 4: 2017-02-03 of type java.time.LocalDate
2017-02-02 11:56:00.741 [AWT-EventQueue-0] DEBUG bgpay.dao.Dao - Setting param 5: 2017-02-03 of type java.time.LocalDate
2017-02-02 11:56:00.742 [AWT-EventQueue-0] DEBUG bgpay.dao.Dao - Setting param 6: 12:00:00 of type java.sql.Time
2017-02-02 11:56:00.742 [AWT-EventQueue-0] DEBUG bgpay.dao.Dao - Setting param 7: 12:00:00 of type java.sql.Time
2017-02-02 11:56:00.742 [AWT-EventQueue-0] DEBUG bgpay.dao.Dao - Setting param 8: true of type java.lang.Boolean
2017-02-02 12:28:09.143 [AWT-EventQueue-0] DEBUG bgpay.Driver - Loading properties file
2017-02-02 12:28:09.144 [AWT-EventQueue-0] DEBUG bgpay.Driver - Initializing database
2017-02-02 12:28:26.381 [AWT-EventQueue-0] DEBUG bgpay.dao.Dao - INSERT INTO vouchers values (?, ?, ?, ?, ?, ?, ?, ?)
2017-02-02 12:28:26.381 [AWT-EventQueue-0] DEBUG bgpay.dao.Dao - [the Flash , CCF, 23.75, 2017-02-05, 2017-02-05, 12:00:00, 12:00:00, true]
2017-02-02 12:28:26.381 [AWT-EventQueue-0] DEBUG bgpay.dao.Dao - parameter count = 8
2017-02-02 12:28:26.395 [AWT-EventQueue-0] DEBUG bgpay.dao.Dao - Setting param 1: the Flash  of type java.lang.String
2017-02-02 12:28:26.395 [AWT-EventQueue-0] DEBUG bgpay.dao.Dao - Setting param 2: CCF of type java.lang.String
2017-02-02 12:28:26.395 [AWT-EventQueue-0] DEBUG bgpay.dao.Dao - Setting param 3: 23.75 of type java.lang.Double
2017-02-02 12:28:26.395 [AWT-EventQueue-0] DEBUG bgpay.dao.Dao - Setting param 4: 2017-02-05 of type java.time.LocalDate
2017-02-02 12:28:26.397 [AWT-EventQueue-0] DEBUG bgpay.dao.Dao - Setting param 5: 2017-02-05 of type java.time.LocalDate
2017-02-02 12:28:26.397 [AWT-EventQueue-0] DEBUG bgpay.dao.Dao - Setting param 6: 12:00:00 of type java.sql.Time
2017-02-02 12:28:26.397 [AWT-EventQueue-0] DEBUG bgpay.dao.Dao - Setting param 7: 12:00:00 of type java.sql.Time
2017-02-02 12:28:26.397 [AWT-EventQueue-0] DEBUG bgpay.dao.Dao - Setting param 8: true of type java.lang.Boolean
2017-02-02 12:29:00.010 [AWT-EventQueue-0] DEBUG bgpay.dao.Dao - INSERT INTO vouchers values (?, ?, ?, ?, ?, ?, ?, ?)
2017-02-02 12:29:00.010 [AWT-EventQueue-0] DEBUG bgpay.dao.Dao - [Riverdale, Shadow Lake, 23.75, 2017-01-01, 2017-01-01, 12:00:00, 12:00:00, true]
2017-02-02 12:29:00.010 [AWT-EventQueue-0] DEBUG bgpay.dao.Dao - parameter count = 8
2017-02-02 12:29:00.010 [AWT-EventQueue-0] DEBUG bgpay.dao.Dao - Setting param 1: Riverdale of type java.lang.String
2017-02-02 12:29:00.010 [AWT-EventQueue-0] DEBUG bgpay.dao.Dao - Setting param 2: Shadow Lake of type java.lang.String
2017-02-02 12:29:00.010 [AWT-EventQueue-0] DEBUG bgpay.dao.Dao - Setting param 3: 23.75 of type java.lang.Double
2017-02-02 12:29:00.010 [AWT-EventQueue-0] DEBUG bgpay.dao.Dao - Setting param 4: 2017-01-01 of type java.time.LocalDate
2017-02-02 12:29:00.011 [AWT-EventQueue-0] DEBUG bgpay.dao.Dao - Setting param 5: 2017-01-01 of type java.time.LocalDate
2017-02-02 12:29:00.011 [AWT-EventQueue-0] DEBUG bgpay.dao.Dao - Setting param 6: 12:00:00 of type java.sql.Time
2017-02-02 12:29:00.011 [AWT-EventQueue-0] DEBUG bgpay.dao.Dao - Setting param 7: 12:00:00 of type java.sql.Time
2017-02-02 12:29:00.011 [AWT-EventQueue-0] DEBUG bgpay.dao.Dao - Setting param 8: true of type java.lang.Boolean
2017-02-02 12:30:04.266 [AWT-EventQueue-0] DEBUG bgpay.Driver - Loading properties file
2017-02-02 12:30:04.268 [AWT-EventQueue-0] DEBUG bgpay.Driver - Initializing database
2017-02-02 12:31:34.404 [AWT-EventQueue-0] DEBUG bgpay.Driver - Loading properties file
2017-02-02 12:31:34.405 [AWT-EventQueue-0] DEBUG bgpay.Driver - Initializing database
2017-02-02 12:32:14.432 [AWT-EventQueue-0] DEBUG bgpay.Driver - Loading properties file
2017-02-02 12:32:14.434 [AWT-EventQueue-0] DEBUG bgpay.Driver - Initializing database
2017-02-02 12:37:32.389 [AWT-EventQueue-0] DEBUG bgpay.Driver - Loading properties file
2017-02-02 12:37:32.391 [AWT-EventQueue-0] DEBUG bgpay.Driver - Initializing database
2017-02-02 12:41:37.886 [AWT-EventQueue-0] DEBUG bgpay.Driver - Loading properties file
2017-02-02 12:41:37.888 [AWT-EventQueue-0] DEBUG bgpay.Driver - Initializing database
2017-02-02 12:41:55.950 [AWT-EventQueue-0] DEBUG bgpay.dao.Dao - INSERT INTO vouchers values (?, ?, ?, ?, ?, ?, ?, ?)
2017-02-02 12:41:55.950 [AWT-EventQueue-0] DEBUG bgpay.dao.Dao - [asdlkflkasdf, asldkflkjsdf, 23.75, 2016-12-01, 2016-12-01, 12:00:00, 12:00:00, true]
2017-02-02 12:41:55.950 [AWT-EventQueue-0] DEBUG bgpay.dao.Dao - parameter count = 8
2017-02-02 12:41:55.960 [AWT-EventQueue-0] DEBUG bgpay.dao.Dao - Setting param 1: asdlkflkasdf of type java.lang.String
2017-02-02 12:41:55.961 [AWT-EventQueue-0] DEBUG bgpay.dao.Dao - Setting param 2: asldkflkjsdf of type java.lang.String
2017-02-02 12:41:55.961 [AWT-EventQueue-0] DEBUG bgpay.dao.Dao - Setting param 3: 23.75 of type java.lang.Double
2017-02-02 12:41:55.961 [AWT-EventQueue-0] DEBUG bgpay.dao.Dao - Setting param 4: 2016-12-01 of type java.time.LocalDate
2017-02-02 12:41:55.962 [AWT-EventQueue-0] DEBUG bgpay.dao.Dao - Setting param 5: 2016-12-01 of type java.time.LocalDate
2017-02-02 12:41:55.962 [AWT-EventQueue-0] DEBUG bgpay.dao.Dao - Setting param 6: 12:00:00 of type java.sql.Time
2017-02-02 12:41:55.962 [AWT-EventQueue-0] DEBUG bgpay.dao.Dao - Setting param 7: 12:00:00 of type java.sql.Time
2017-02-02 12:41:55.962 [AWT-EventQueue-0] DEBUG bgpay.dao.Dao - Setting param 8: true of type java.lang.Boolean
2017-02-02 12:46:52.064 [AWT-EventQueue-0] DEBUG bgpay.Driver - Loading properties file
2017-02-02 12:46:52.065 [AWT-EventQueue-0] DEBUG bgpay.Driver - Initializing database
2017-02-02 12:47:41.033 [AWT-EventQueue-0] DEBUG bgpay.Driver - Loading properties file
2017-02-02 12:47:41.037 [AWT-EventQueue-0] DEBUG bgpay.Driver - Initializing database
2017-02-02 12:48:13.386 [AWT-EventQueue-0] DEBUG bgpay.Driver - Loading properties file
2017-02-02 12:48:13.388 [AWT-EventQueue-0] DEBUG bgpay.Driver - Initializing database
2017-02-02 12:54:53.566 [AWT-EventQueue-0] DEBUG bgpay.Driver - Loading properties file
2017-02-02 12:54:53.568 [AWT-EventQueue-0] DEBUG bgpay.Driver - Initializing database
2017-02-02 12:56:41.131 [AWT-EventQueue-0] DEBUG bgpay.Driver - Loading properties file
2017-02-02 12:56:41.132 [AWT-EventQueue-0] DEBUG bgpay.Driver - Initializing database
2017-02-02 12:58:15.983 [AWT-EventQueue-0] DEBUG bgpay.Driver - Loading properties file
2017-02-02 12:58:15.985 [AWT-EventQueue-0] DEBUG bgpay.Driver - Initializing database
2017-02-02 12:58:30.610 [AWT-EventQueue-0] DEBUG bgpay.dao.Dao - INSERT INTO vouchers values (?, ?, ?, ?, ?, ?, ?, ?)
2017-02-02 12:58:30.610 [AWT-EventQueue-0] DEBUG bgpay.dao.Dao - [l;;;lcvbjk, ;lxcvb;lkcxvb, 23.75, 2017-01-04, 2017-01-04, 12:00:00, 12:00:00, true]
2017-02-02 12:58:30.610 [AWT-EventQueue-0] DEBUG bgpay.dao.Dao - parameter count = 8
2017-02-02 12:58:30.621 [AWT-EventQueue-0] DEBUG bgpay.dao.Dao - Setting param 1: l;;;lcvbjk of type java.lang.String
2017-02-02 12:58:30.621 [AWT-EventQueue-0] DEBUG bgpay.dao.Dao - Setting param 2: ;lxcvb;lkcxvb of type java.lang.String
2017-02-02 12:58:30.621 [AWT-EventQueue-0] DEBUG bgpay.dao.Dao - Setting param 3: 23.75 of type java.lang.Double
2017-02-02 12:58:30.621 [AWT-EventQueue-0] DEBUG bgpay.dao.Dao - Setting param 4: 2017-01-04 of type java.time.LocalDate
2017-02-02 12:58:30.622 [AWT-EventQueue-0] DEBUG bgpay.dao.Dao - Setting param 5: 2017-01-04 of type java.time.LocalDate
2017-02-02 12:58:30.623 [AWT-EventQueue-0] DEBUG bgpay.dao.Dao - Setting param 6: 12:00:00 of type java.sql.Time
2017-02-02 12:58:30.623 [AWT-EventQueue-0] DEBUG bgpay.dao.Dao - Setting param 7: 12:00:00 of type java.sql.Time
2017-02-02 12:58:30.623 [AWT-EventQueue-0] DEBUG bgpay.dao.Dao - Setting param 8: true of type java.lang.Boolean
2017-02-02 13:05:54.267 [AWT-EventQueue-0] DEBUG bgpay.Driver - Loading properties file
2017-02-02 13:05:54.269 [AWT-EventQueue-0] DEBUG bgpay.Driver - Initializing database
2017-02-02 13:06:07.490 [AWT-EventQueue-0] DEBUG bgpay.Driver - Loading properties file
2017-02-02 13:06:07.492 [AWT-EventQueue-0] DEBUG bgpay.Driver - Initializing database
2017-02-02 13:10:54.751 [AWT-EventQueue-0] DEBUG bgpay.Driver - Loading properties file
2017-02-02 13:10:54.752 [AWT-EventQueue-0] DEBUG bgpay.Driver - Initializing database
2017-02-02 13:12:39.748 [AWT-EventQueue-0] DEBUG bgpay.Driver - Loading properties file
2017-02-02 13:12:39.751 [AWT-EventQueue-0] DEBUG bgpay.Driver - Initializing database
2017-02-02 13:21:04.336 [AWT-EventQueue-0] DEBUG bgpay.Driver - Loading properties file
2017-02-02 13:21:04.338 [AWT-EventQueue-0] DEBUG bgpay.Driver - Initializing database
2017-02-02 13:22:18.688 [AWT-EventQueue-0] DEBUG bgpay.Driver - Loading properties file
2017-02-02 13:22:18.690 [AWT-EventQueue-0] DEBUG bgpay.Driver - Initializing database
2017-02-02 13:22:49.935 [AWT-EventQueue-0] DEBUG bgpay.Driver - Loading properties file
2017-02-02 13:22:49.937 [AWT-EventQueue-0] DEBUG bgpay.Driver - Initializing database
2017-02-02 13:31:15.044 [AWT-EventQueue-0] DEBUG bgpay.Driver - Loading properties file
2017-02-02 13:31:15.046 [AWT-EventQueue-0] DEBUG bgpay.Driver - Initializing database
2017-02-02 13:31:35.002 [AWT-EventQueue-0] DEBUG bgpay.dao.Dao - INSERT INTO vouchers values (?, ?, ?, ?, ?, ?, ?, ?)
2017-02-02 13:31:35.003 [AWT-EventQueue-0] DEBUG bgpay.dao.Dao - [asdfklksadklfj, asdklfjkljasdfk, 23.75, 2016-11-01, 2016-11-01, 12:00:00, 12:00:00, true]
2017-02-02 13:31:35.003 [AWT-EventQueue-0] DEBUG bgpay.dao.Dao - parameter count = 8
2017-02-02 13:31:35.017 [AWT-EventQueue-0] DEBUG bgpay.dao.Dao - Setting param 1: asdfklksadklfj of type java.lang.String
2017-02-02 13:31:35.017 [AWT-EventQueue-0] DEBUG bgpay.dao.Dao - Setting param 2: asdklfjkljasdfk of type java.lang.String
2017-02-02 13:31:35.018 [AWT-EventQueue-0] DEBUG bgpay.dao.Dao - Setting param 3: 23.75 of type java.lang.Double
2017-02-02 13:31:35.018 [AWT-EventQueue-0] DEBUG bgpay.dao.Dao - Setting param 4: 2016-11-01 of type java.time.LocalDate
2017-02-02 13:31:35.019 [AWT-EventQueue-0] DEBUG bgpay.dao.Dao - Setting param 5: 2016-11-01 of type java.time.LocalDate
2017-02-02 13:31:35.019 [AWT-EventQueue-0] DEBUG bgpay.dao.Dao - Setting param 6: 12:00:00 of type java.sql.Time
2017-02-02 13:31:35.019 [AWT-EventQueue-0] DEBUG bgpay.dao.Dao - Setting param 7: 12:00:00 of type java.sql.Time
2017-02-02 13:31:35.019 [AWT-EventQueue-0] DEBUG bgpay.dao.Dao - Setting param 8: true of type java.lang.Boolean
2017-02-02 13:32:39.966 [AWT-EventQueue-0] DEBUG bgpay.Driver - Loading properties file
2017-02-02 13:32:39.967 [AWT-EventQueue-0] DEBUG bgpay.Driver - Initializing database
